[0914/184309:ERROR:renderer_main.cc(203)] Running without renderer sandbox
[0914/184309:ERROR:block_files.cc(477)] Failed to open C:\Users\acer\AppData\Local\Tencent\Minibrowser\UserData\data_0
[0914/184309:ERROR:cache_util_win.cc(20)] Unable to move the cache: 5
[0914/184309:ERROR:cache_util.cc(132)] Unable to move cache folder C:\Users\acer\AppData\Local\Tencent\Minibrowser\UserData to C:\Users\acer\AppData\Local\Tencent\Minibrowser\old_UserData_000
[0914/184309:ERROR:cache_creator.cc(133)] Unable to create cache
[0914/184311:ERROR:child_discardable_shared_memory_manager.cc(266)] size: 4194304
[0914/184322:INFO:CONSOLE(0)] "Failed to execute 'write' on 'Document': It isn't possible to write into a document from an asynchronously-loaded external script unless it is explicitly opened.", source: http://zscx.neea.edu.cn/html1/folder/1508/211-1.htm?sid=300 (0)
[0914/184330:ERROR:renderer_main.cc(203)] Running without renderer sandbox
[0914/184335:ERROR:child_discardable_shared_memory_manager.cc(266)] size: 4194304
[0914/184340:ERROR:child_discardable_shared_memory_manager.cc(266)] size: 4194304
[0914/184341:INFO:CONSOLE(1)] "此次更改的更新顺序------>", source: https://s1.url.cn/tim/docs/static/js/sheet-pc-canvas-10242a68bb.js (1)
[0914/184341:INFO:CONSOLE(1)] "此次更改的更新顺序------>", source: https://s1.url.cn/tim/docs/static/js/sheet-pc-canvas-10242a68bb.js (1)
[0914/184343:INFO:CONSOLE(112)] "Uncaught RangeError: Maximum call stack size exceeded", source:  (112)
[0914/184343:INFO:CONSOLE(302)] "Uncaught ReferenceError: etherpad is not defined", source: https://docs.qq.com/sheet/DcnJDbGlGSlZPcVJR (302)
[0914/184351:ERROR:child_discardable_shared_memory_manager.cc(266)] size: 4194304
[0914/184429:INFO:CONSOLE(1)] "[mobx] Warning: there are multiple mobx instances active. This might lead to unexpected results. See https://github.com/mobxjs/mobx/issues/1082 for details.", source: https://s1.url.cn/tim/docs/static/js/public-raven-489e33dc58.js (1)
[0914/184446:INFO:CONSOLE(1)] "此次更改的更新顺序------>", source: https://s1.url.cn/tim/docs/static/js/sheet-pc-canvas-10242a68bb.js (1)
[0914/184446:INFO:CONSOLE(1)] "此次更改的更新顺序------>", source: https://s1.url.cn/tim/docs/static/js/sheet-pc-canvas-10242a68bb.js (1)
[0914/184448:INFO:CONSOLE(112)] "Uncaught RangeError: Maximum call stack size exceeded", source:  (112)
[0914/184448:INFO:CONSOLE(302)] "Uncaught ReferenceError: etherpad is not defined", source: https://docs.qq.com/sheet/DcnJDbGlGSlZPcVJR (302)
[0914/184455:ERROR:child_discardable_shared_memory_manager.cc(266)] size: 4194304
[0914/184456:ERROR:child_discardable_shared_memory_manager.cc(266)] size: 4194304
